<?xml version="1.0" encoding="UTF-8"?>
<testng-results skipped="0" failed="0" total="1" passed="1">
  <reporter-output>
  </reporter-output>
  <suite name="Default suite" duration-ms="1524" started-at="2018-05-24T08:35:30Z" finished-at="2018-05-24T08:35:31Z">
    <groups>
    </groups>
    <test name="Default test" duration-ms="1524" started-at="2018-05-24T08:35:30Z" finished-at="2018-05-24T08:35:31Z">
      <class name="com.apitest.base.Base">
        <test-method status="PASS" signature="setup()[pri:0, instance:com.apitest.base.Base@725bef66]" name="setup" is-config="true" duration-ms="357" started-at="2018-05-24T16:35:30Z" finished-at="2018-05-24T16:35:30Z">
          <reporter-output>
          </reporter-output>
        </test-method> <!-- setup -->
        <test-method status="PASS" signature="test()[pri:0, instance:com.apitest.base.Base@725bef66]" name="test" duration-ms="1157" started-at="2018-05-24T16:35:30Z" finished-at="2018-05-24T16:35:31Z">
          <reporter-output>
          </reporter-output>
        </test-method> <!-- test -->
      </class> <!-- com.apitest.base.Base -->
    </test> <!-- Default test -->
  </suite> <!-- Default suite -->
</testng-results>
