<?xml version="1.0" encoding="UTF-8"?>
<testng-results skipped="2" failed="0" total="2" passed="0">
  <reporter-output>
  </reporter-output>
  <suite name="appium" duration-ms="1630" started-at="2018-05-10T11:36:42Z" finished-at="2018-05-10T11:36:44Z">
    <groups>
    </groups>
    <test name="测试登录" duration-ms="1630" started-at="2018-05-10T11:36:42Z" finished-at="2018-05-10T11:36:44Z">
      <class name="com.devil.testcase.login.LoginPage_001_LoginSuccessful_Test">
        <test-method status="FAIL" signature="setUp(org.testng.ITestContext)[pri:0, instance:com.devil.testcase.login.LoginPage_001_LoginSuccessful_Test@6537cf78]" name="setUp" is-config="true" duration-ms="0" started-at="2018-05-10T19:36:42Z" finished-at="2018-05-10T19:36:42Z">
          <params>
            <param index="0">
              <value>
                <![CDATA[org.testng.TestRunner@6542b82c]]>
              </value>
            </param>
          </params>
          <exception class="java.lang.NullPointerException">
            <full-stacktrace>
              <![CDATA[java.lang.NullPointerException
	at com.devil.utils.SelectDriver.selectDriver(SelectDriver.java:83)
	at com.devil.base.Base.setUp(Base.java:41)
	at sun.reflect.NativeMethodAccessorImpl.invoke0(Native Method)
	at sun.reflect.NativeMethodAccessorImpl.invoke(Unknown Source)
	at sun.reflect.DelegatingMethodAccessorImpl.invoke(Unknown Source)
	at java.lang.reflect.Method.invoke(Unknown Source)
	at org.testng.internal.MethodInvocationHelper.invokeMethod(MethodInvocationHelper.java:86)
	at org.testng.internal.Invoker.invokeConfigurationMethod(Invoker.java:514)
	at org.testng.internal.Invoker.invokeConfigurations(Invoker.java:215)
	at org.testng.internal.Invoker.invokeConfigurations(Invoker.java:142)
	at org.testng.internal.TestMethodWorker.invokeBeforeClassMethods(TestMethodWorker.java:178)
	at org.testng.internal.TestMethodWorker.run(TestMethodWorker.java:108)
	at org.testng.TestRunner.privateRun(TestRunner.java:782)
	at org.testng.TestRunner.run(TestRunner.java:632)
	at org.testng.SuiteRunner.runTest(SuiteRunner.java:366)
	at org.testng.SuiteRunner.access$000(SuiteRunner.java:39)
	at org.testng.SuiteRunner$SuiteWorker.run(SuiteRunner.java:400)
	at org.testng.internal.thread.ThreadUtil$2.call(ThreadUtil.java:64)
	at java.util.concurrent.FutureTask.run(Unknown Source)
	at java.util.concurrent.ThreadPoolExecutor.runWorker(Unknown Source)
	at java.util.concurrent.ThreadPoolExecutor$Worker.run(Unknown Source)
	at java.lang.Thread.run(Unknown Source)
]]>
            </full-stacktrace>
          </exception> <!-- java.lang.NullPointerException -->
          <reporter-output>
          </reporter-output>
        </test-method> <!-- setUp -->
        <test-method status="SKIP" signature="login_successful(java.util.Map)[pri:1, instance:com.devil.testcase.login.LoginPage_001_LoginSuccessful_Test@6537cf78]" name="login_successful" duration-ms="1" started-at="2018-05-10T19:36:44Z" data-provider="testData" finished-at="2018-05-10T19:36:44Z">
          <params>
            <param index="0">
              <value>
                <![CDATA[{提示信息=尚未登录，请先登录, 验证码=无, 用户名=15827894540, 用例标题=正常登录}]]>
              </value>
            </param>
          </params>
          <reporter-output>
          </reporter-output>
        </test-method> <!-- login_successful -->
        <test-method status="SKIP" signature="login_successful(java.util.Map)[pri:1, instance:com.devil.testcase.login.LoginPage_001_LoginSuccessful_Test@6537cf78]" name="login_successful" duration-ms="1" started-at="2018-05-10T19:36:44Z" data-provider="testData" finished-at="2018-05-10T19:36:44Z">
          <params>
            <param index="0">
              <value>
                <![CDATA[{提示信息=玩具, 验证码=123456, 用户名=15827495845, 用例标题=异常登录}]]>
              </value>
            </param>
          </params>
          <reporter-output>
          </reporter-output>
        </test-method> <!-- login_successful -->
        <test-method status="SKIP" signature="tearDown()[pri:0, instance:com.devil.testcase.login.LoginPage_001_LoginSuccessful_Test@6537cf78]" name="tearDown" is-config="true" duration-ms="0" started-at="2018-05-10T19:36:44Z" finished-at="2018-05-10T19:36:44Z">
          <reporter-output>
          </reporter-output>
        </test-method> <!-- tearDown -->
      </class> <!-- com.devil.testcase.login.LoginPage_001_LoginSuccessful_Test -->
    </test> <!-- 测试登录 -->
  </suite> <!-- appium -->
</testng-results>
