<?xml version="1.0" encoding="UTF-8"?>
<!-- Generated by org.testng.reporters.JUnitXMLReporter -->
<testsuite hostname="DTPWKNDMDZZJ12S" name="测试登录" tests="2" failures="0" timestamp="10 May 2018 11:36:44 GMT" time="1.63" errors="0">
  <testcase name="@BeforeClass setUp" time="0.0" classname="com.devil.testcase.login.LoginPage_001_LoginSuccessful_Test">
    <failure type="java.lang.NullPointerException">
      <![CDATA[java.lang.NullPointerException
	at com.devil.utils.SelectDriver.selectDriver(SelectDriver.java:83)
	at com.devil.base.Base.setUp(Base.java:41)
	at java.util.concurrent.FutureTask.run(Unknown Source)
	at java.util.concurrent.ThreadPoolExecutor.runWorker(Unknown Source)
	at java.util.concurrent.ThreadPoolExecutor$Worker.run(Unknown Source)
	at java.lang.Thread.run(Unknown Source)
... Removed 16 stack frames]]>
    </failure>
  </testcase> <!-- @BeforeClass setUp -->
  <testcase name="@AfterClass tearDown" time="0.0" classname="com.devil.testcase.login.LoginPage_001_LoginSuccessful_Test">
    <skipped/>
  </testcase> <!-- @AfterClass tearDown -->
  <testcase name="login_successful" time="0.001" classname="com.devil.testcase.login.LoginPage_001_LoginSuccessful_Test">
    <skipped/>
  </testcase> <!-- login_successful -->
  <testcase name="login_successful" time="0.001" classname="com.devil.testcase.login.LoginPage_001_LoginSuccessful_Test">
    <skipped/>
  </testcase> <!-- login_successful -->
</testsuite> <!-- 测试登录 -->
